# JRE version: OpenJDK Runtime Environment (11.0.10) (build 11.0.10+0-b96-7249189)
# Java VM: OpenJDK 64-Bit Server VM (11.0.10+0-b96-7249189, mixed mode, tiered, compressed oops, g1 gc, windows-amd64)
Heap:
 garbage-first heap   total 324608K, used 105895K [0x0000000080000000, 0x0000000100000000)
  region size 1024K, 9 young (9216K), 9 survivors (9216K)
 Metaspace       used 101610K, capacity 104231K, committed 104268K, reserved 1138688K
  class space    used 13143K, capacity 14137K, committed 14156K, reserved 1048576K
GC Heap History (20 events):
Event: 18.979 GC heap after
{Heap after GC invocations=29 (full 0):
 garbage-first heap   total 225280K, used 96324K [0x0000000080000000, 0x0000000100000000)
  region size 1024K, 3 young (3072K), 3 survivors (3072K)
 Metaspace       used 100425K, capacity 103040K, committed 103244K, reserved 1138688K
  class space    used 13070K, capacity 14037K, committed 14156K, reserved 1048576K
}
Event: 19.355 GC heap before
{Heap before GC invocations=29 (full 0):
 garbage-first heap   total 225280K, used 171076K [0x0000000080000000, 0x0000000100000000)
  region size 1024K, 76 young (77824K), 3 survivors (3072K)
 Metaspace       used 100587K, capacity 103178K, committed 103500K, reserved 1138688K
  class space    used 13070K, capacity 14037K, committed 14156K, reserved 1048576K
}
Event: 19.364 GC heap after
{Heap after GC invocations=30 (full 0):
 garbage-first heap   total 225280K, used 98480K [0x0000000080000000, 0x0000000100000000)
  region size 1024K, 5 young (5120K), 5 survivors (5120K)
 Metaspace       used 100587K, capacity 103178K, committed 103500K, reserved 1138688K
  class space    used 13070K, capacity 14037K, committed 14156K, reserved 1048576K
}
Event: 19.760 GC heap before
{Heap before GC invocations=30 (full 0):
 garbage-first heap   total 225280K, used 174256K [0x0000000080000000, 0x0000000100000000)
  region size 1024K, 79 young (80896K), 5 survivors (5120K)
 Metaspace       used 100890K, capacity 103480K, committed 103756K, reserved 1138688K
  class space    used 13078K, capacity 14050K, committed 14156K, reserved 1048576K
}
Event: 19.768 GC heap after
{Heap after GC invocations=31 (full 0):
 garbage-first heap   total 225280K, used 97689K [0x0000000080000000, 0x0000000100000000)
  region size 1024K, 4 young (4096K), 4 survivors (4096K)
 Metaspace       used 100890K, capacity 103480K, committed 103756K, reserved 1138688K
  class space    used 13078K, capacity 14050K, committed 14156K, reserved 1048576K
}
Event: 20.125 GC heap before
{Heap before GC invocations=31 (full 0):
 garbage-first heap   total 225280K, used 177561K [0x0000000080000000, 0x0000000100000000)
  region size 1024K, 82 young (83968K), 4 survivors (4096K)
 Metaspace       used 101042K, capacity 103655K, committed 103756K, reserved 1138688K
  class space    used 13086K, capacity 14083K, committed 14156K, reserved 1048576K
}
Event: 20.135 GC heap after
{Heap after GC invocations=32 (full 0):
 garbage-first heap   total 225280K, used 98919K [0x0000000080000000, 0x0000000100000000)
  region size 1024K, 6 young (6144K), 6 survivors (6144K)
 Metaspace       used 101042K, capacity 103655K, committed 103756K, reserved 1138688K
  class space    used 13086K, capacity 14083K, committed 14156K, reserved 1048576K
}
Event: 20.454 GC heap before
{Heap before GC invocations=32 (full 0):
 garbage-first heap   total 225280K, used 179815K [0x0000000080000000, 0x0000000100000000)
  region size 1024K, 85 young (87040K), 6 survivors (6144K)
 Metaspace       used 101144K, capacity 103727K, committed 104012K, reserved 1138688K
  class space    used 13095K, capacity 14083K, committed 14156K, reserved 1048576K
}
Event: 20.465 GC heap after
{Heap after GC invocations=33 (full 0):
 garbage-first heap   total 225280K, used 99873K [0x0000000080000000, 0x0000000100000000)
  region size 1024K, 7 young (7168K), 7 survivors (7168K)
 Metaspace       used 101144K, capacity 103727K, committed 104012K, reserved 1138688K
  class space    used 13095K, capacity 14083K, committed 14156K, reserved 1048576K
}
Event: 20.752 GC heap before
{Heap before GC invocations=33 (full 0):
 garbage-first heap   total 225280K, used 184865K [0x0000000080000000, 0x0000000100000000)
  region size 1024K, 90 young (92160K), 7 survivors (7168K)
 Metaspace       used 101191K, capacity 103794K, committed 104012K, reserved 1138688K
  class space    used 13095K, capacity 14083K, committed 14156K, reserved 1048576K
}
Event: 20.762 GC heap after
{Heap after GC invocations=34 (full 0):
 garbage-first heap   total 225280K, used 100430K [0x0000000080000000, 0x0000000100000000)
  region size 1024K, 7 young (7168K), 7 survivors (7168K)
 Metaspace       used 101191K, capacity 103794K, committed 104012K, reserved 1138688K
  class space    used 13095K, capacity 14083K, committed 14156K, reserved 1048576K
}
Event: 21.032 GC heap before
{Heap before GC invocations=34 (full 0):
 garbage-first heap   total 225280K, used 188494K [0x0000000080000000, 0x0000000100000000)
  region size 1024K, 93 young (95232K), 7 survivors (7168K)
 Metaspace       used 101216K, capacity 103806K, committed 104012K, reserved 1138688K
  class space    used 13097K, capacity 14087K, committed 14156K, reserved 1048576K
}
Event: 21.044 GC heap after
{Heap after GC invocations=35 (full 0):
 garbage-first heap   total 270336K, used 101799K [0x0000000080000000, 0x0000000100000000)
  region size 1024K, 8 young (8192K), 8 survivors (8192K)
 Metaspace       used 101216K, capacity 103806K, committed 104012K, reserved 1138688K
  class space    used 13097K, capacity 14087K, committed 14156K, reserved 1048576K
}
Event: 21.396 GC heap before
{Heap before GC invocations=35 (full 0):
 garbage-first heap   total 270336K, used 217511K [0x0000000080000000, 0x0000000100000000)
  region size 1024K, 121 young (123904K), 8 survivors (8192K)
 Metaspace       used 101249K, capacity 103825K, committed 104012K, reserved 1138688K
  class space    used 13099K, capacity 14091K, committed 14156K, reserved 1048576K
}
Event: 21.409 GC heap after
{Heap after GC invocations=36 (full 0):
 garbage-first heap   total 270336K, used 102280K [0x0000000080000000, 0x0000000100000000)
  region size 1024K, 9 young (9216K), 9 survivors (9216K)
 Metaspace       used 101249K, capacity 103825K, committed 104012K, reserved 1138688K
  class space    used 13099K, capacity 14091K, committed 14156K, reserved 1048576K
}
Event: 21.768 GC heap before
{Heap before GC invocations=36 (full 0):
 garbage-first heap   total 270336K, used 225160K [0x0000000080000000, 0x0000000100000000)
  region size 1024K, 129 young (132096K), 9 survivors (9216K)
 Metaspace       used 101287K, capacity 103895K, committed 104012K, reserved 1138688K
  class space    used 13099K, capacity 14091K, committed 14156K, reserved 1048576K
}
Event: 21.780 GC heap after
{Heap after GC invocations=37 (full 0):
 garbage-first heap   total 270336K, used 103539K [0x0000000080000000, 0x0000000100000000)
  region size 1024K, 10 young (10240K), 10 survivors (10240K)
 Metaspace       used 101287K, capacity 103895K, committed 104012K, reserved 1138688K
  class space    used 13099K, capacity 14091K, committed 14156K, reserved 1048576K
}
Event: 22.114 GC heap before
{Heap before GC invocations=37 (full 0):
 garbage-first heap   total 270336K, used 231539K [0x0000000080000000, 0x0000000100000000)
  region size 1024K, 135 young (138240K), 10 survivors (10240K)
 Metaspace       used 101305K, capacity 103895K, committed 104012K, reserved 1138688K
  class space    used 13099K, capacity 14091K, committed 14156K, reserved 1048576K
}
Event: 22.130 GC heap after
{Heap after GC invocations=38 (full 0):
 garbage-first heap   total 270336K, used 105692K [0x0000000080000000, 0x0000000100000000)
  region size 1024K, 11 young (11264K), 11 survivors (11264K)
 Metaspace       used 101305K, capacity 103895K, committed 104012K, reserved 1138688K
  class space    used 13099K, capacity 14091K, committed 14156K, reserved 1048576K
}
Event: 22.558 GC heap before
{Heap before GC invocations=38 (full 0):
 garbage-first heap   total 270336K, used 230620K [0x0000000080000000, 0x0000000100000000)
  region size 1024K, 133 young (136192K), 11 survivors (11264K)
 Metaspace       used 101610K, capacity 104231K, committed 104268K, reserved 1138688K
  class space    used 13143K, capacity 14137K, committed 14156K, reserved 1048576K
}

