# JRE version: OpenJDK Runtime Environment (11.0.10) (build 11.0.10+0-b96-7249189)
# Java VM: OpenJDK 64-Bit Server VM (11.0.10+0-b96-7249189, mixed mode, tiered, compressed oops, g1 gc, windows-amd64)
Heap:
 garbage-first heap   total 225280K, used 129250K [0x0000000080000000, 0x0000000100000000)
  region size 1024K, 1 young (1024K), 1 survivors (1024K)
 Metaspace       used 122518K, capacity 125798K, committed 126080K, reserved 1159168K
  class space    used 15075K, capacity 16225K, committed 16256K, reserved 1048576K
GC Heap History (20 events):
Event: 358.305 GC heap after
{Heap after GC invocations=64 (full 0):
 garbage-first heap   total 187392K, used 137222K [0x0000000080000000, 0x0000000100000000)
  region size 1024K, 1 young (1024K), 1 survivors (1024K)
 Metaspace       used 117348K, capacity 120591K, committed 120832K, reserved 1155072K
  class space    used 14661K, capacity 15811K, committed 15872K, reserved 1048576K
}
Event: 358.467 GC heap before
{Heap before GC invocations=64 (full 0):
 garbage-first heap   total 187392K, used 154630K [0x0000000080000000, 0x0000000100000000)
  region size 1024K, 19 young (19456K), 1 survivors (1024K)
 Metaspace       used 117362K, capacity 120591K, committed 120832K, reserved 1155072K
  class space    used 14661K, capacity 15811K, committed 15872K, reserved 1048576K
}
Event: 358.470 GC heap after
{Heap after GC invocations=65 (full 0):
 garbage-first heap   total 187392K, used 136990K [0x0000000080000000, 0x0000000100000000)
  region size 1024K, 1 young (1024K), 1 survivors (1024K)
 Metaspace       used 117362K, capacity 120591K, committed 120832K, reserved 1155072K
  class space    used 14661K, capacity 15811K, committed 15872K, reserved 1048576K
}
Event: 358.595 GC heap before
{Heap before GC invocations=65 (full 0):
 garbage-first heap   total 187392K, used 156446K [0x0000000080000000, 0x0000000100000000)
  region size 1024K, 20 young (20480K), 1 survivors (1024K)
 Metaspace       used 117366K, capacity 120591K, committed 120832K, reserved 1155072K
  class space    used 14661K, capacity 15811K, committed 15872K, reserved 1048576K
}
Event: 358.596 GC heap after
{Heap after GC invocations=66 (full 0):
 garbage-first heap   total 187392K, used 136953K [0x0000000080000000, 0x0000000100000000)
  region size 1024K, 1 young (1024K), 1 survivors (1024K)
 Metaspace       used 117366K, capacity 120591K, committed 120832K, reserved 1155072K
  class space    used 14661K, capacity 15811K, committed 15872K, reserved 1048576K
}
Event: 358.778 GC heap before
{Heap before GC invocations=67 (full 0):
 garbage-first heap   total 187392K, used 157433K [0x0000000080000000, 0x0000000100000000)
  region size 1024K, 21 young (21504K), 1 survivors (1024K)
 Metaspace       used 117387K, capacity 120597K, committed 120832K, reserved 1155072K
  class space    used 14663K, capacity 15813K, committed 15872K, reserved 1048576K
}
Event: 358.782 GC heap after
{Heap after GC invocations=68 (full 0):
 garbage-first heap   total 187392K, used 139423K [0x0000000080000000, 0x0000000100000000)
  region size 1024K, 3 young (3072K), 3 survivors (3072K)
 Metaspace       used 117387K, capacity 120597K, committed 120832K, reserved 1155072K
  class space    used 14663K, capacity 15813K, committed 15872K, reserved 1048576K
}
Event: 358.909 GC heap before
{Heap before GC invocations=68 (full 0):
 garbage-first heap   total 187392K, used 159903K [0x0000000080000000, 0x0000000100000000)
  region size 1024K, 9 young (9216K), 3 survivors (3072K)
 Metaspace       used 117590K, capacity 120767K, committed 120832K, reserved 1155072K
  class space    used 14678K, capacity 15820K, committed 15872K, reserved 1048576K
}
Event: 358.915 GC heap after
{Heap after GC invocations=69 (full 0):
 garbage-first heap   total 187392K, used 136453K [0x0000000080000000, 0x0000000100000000)
  region size 1024K, 1 young (1024K), 1 survivors (1024K)
 Metaspace       used 117590K, capacity 120767K, committed 120832K, reserved 1155072K
  class space    used 14678K, capacity 15820K, committed 15872K, reserved 1048576K
}
Event: 359.049 GC heap before
{Heap before GC invocations=69 (full 0):
 garbage-first heap   total 187392K, used 156933K [0x0000000080000000, 0x0000000100000000)
  region size 1024K, 22 young (22528K), 1 survivors (1024K)
 Metaspace       used 118344K, capacity 121629K, committed 121984K, reserved 1155072K
  class space    used 14746K, capacity 15891K, committed 16000K, reserved 1048576K
}
Event: 359.053 GC heap after
{Heap after GC invocations=70 (full 0):
 garbage-first heap   total 187392K, used 139305K [0x0000000080000000, 0x0000000100000000)
  region size 1024K, 3 young (3072K), 3 survivors (3072K)
 Metaspace       used 118344K, capacity 121629K, committed 121984K, reserved 1155072K
  class space    used 14746K, capacity 15891K, committed 16000K, reserved 1048576K
}
Event: 359.381 GC heap before
{Heap before GC invocations=71 (full 0):
 garbage-first heap   total 187392K, used 157737K [0x0000000080000000, 0x0000000100000000)
  region size 1024K, 22 young (22528K), 3 survivors (3072K)
 Metaspace       used 120697K, capacity 123928K, committed 124160K, reserved 1157120K
  class space    used 14923K, capacity 16051K, committed 16128K, reserved 1048576K
}
Event: 359.386 GC heap after
{Heap after GC invocations=72 (full 0):
 garbage-first heap   total 187392K, used 141459K [0x0000000080000000, 0x0000000100000000)
  region size 1024K, 3 young (3072K), 3 survivors (3072K)
 Metaspace       used 120697K, capacity 123928K, committed 124160K, reserved 1157120K
  class space    used 14923K, capacity 16051K, committed 16128K, reserved 1048576K
}
Event: 359.453 GC heap before
{Heap before GC invocations=72 (full 0):
 garbage-first heap   total 187392K, used 146579K [0x0000000080000000, 0x0000000100000000)
  region size 1024K, 9 young (9216K), 3 survivors (3072K)
 Metaspace       used 120755K, capacity 123992K, committed 124160K, reserved 1157120K
  class space    used 14923K, capacity 16051K, committed 16128K, reserved 1048576K
}
Event: 359.461 GC heap after
{Heap after GC invocations=73 (full 0):
 garbage-first heap   total 187392K, used 127818K [0x0000000080000000, 0x0000000100000000)
  region size 1024K, 1 young (1024K), 1 survivors (1024K)
 Metaspace       used 120755K, capacity 123992K, committed 124160K, reserved 1157120K
  class space    used 14923K, capacity 16051K, committed 16128K, reserved 1048576K
}
Event: 359.662 GC heap before
{Heap before GC invocations=73 (full 0):
 garbage-first heap   total 187392K, used 151370K [0x0000000080000000, 0x0000000100000000)
  region size 1024K, 25 young (25600K), 1 survivors (1024K)
 Metaspace       used 121047K, capacity 124280K, committed 124416K, reserved 1157120K
  class space    used 14935K, capacity 16083K, committed 16128K, reserved 1048576K
}
Event: 359.668 GC heap after
{Heap after GC invocations=74 (full 0):
 garbage-first heap   total 187392K, used 129967K [0x0000000080000000, 0x0000000100000000)
  region size 1024K, 4 young (4096K), 4 survivors (4096K)
 Metaspace       used 121047K, capacity 124280K, committed 124416K, reserved 1157120K
  class space    used 14935K, capacity 16083K, committed 16128K, reserved 1048576K
}
Event: 359.926 GC heap before
{Heap before GC invocations=74 (full 0):
 garbage-first heap   total 187392K, used 152495K [0x0000000080000000, 0x0000000100000000)
  region size 1024K, 27 young (27648K), 4 survivors (4096K)
 Metaspace       used 121264K, capacity 124472K, committed 124672K, reserved 1157120K
  class space    used 14948K, capacity 16083K, committed 16128K, reserved 1048576K
}
Event: 359.929 GC heap after
{Heap after GC invocations=75 (full 0):
 garbage-first heap   total 187392K, used 129142K [0x0000000080000000, 0x0000000100000000)
  region size 1024K, 1 young (1024K), 1 survivors (1024K)
 Metaspace       used 121264K, capacity 124472K, committed 124672K, reserved 1157120K
  class space    used 14948K, capacity 16083K, committed 16128K, reserved 1048576K
}
Event: 360.259 GC heap before
{Heap before GC invocations=75 (full 0):
 garbage-first heap   total 187392K, used 153718K [0x0000000080000000, 0x0000000100000000)
  region size 1024K, 26 young (26624K), 1 survivors (1024K)
 Metaspace       used 122518K, capacity 125798K, committed 126080K, reserved 1159168K
  class space    used 15075K, capacity 16225K, committed 16256K, reserved 1048576K
}

