# JRE version: OpenJDK Runtime Environment (11.0.10) (build 11.0.10+0-b96-7249189)
# Java VM: OpenJDK 64-Bit Server VM (11.0.10+0-b96-7249189, mixed mode, tiered, compressed oops, g1 gc, windows-amd64)
Heap:
 garbage-first heap   total 361472K, used 92766K [0x0000000080000000, 0x0000000100000000)
  region size 1024K, 5 young (5120K), 5 survivors (5120K)
 Metaspace       used 98002K, capacity 100426K, committed 101408K, reserved 1136640K
  class space    used 12646K, capacity 13530K, committed 13856K, reserved 1048576K
GC Heap History (20 events):
Event: 17.745 GC heap after
{Heap after GC invocations=26 (full 0):
 garbage-first heap   total 225280K, used 89088K [0x0000000080000000, 0x0000000100000000)
  region size 1024K, 3 young (3072K), 3 survivors (3072K)
 Metaspace       used 97333K, capacity 99947K, committed 100044K, reserved 1136640K
  class space    used 12715K, capacity 13687K, committed 13772K, reserved 1048576K
}
Event: 18.121 GC heap before
{Heap before GC invocations=26 (full 0):
 garbage-first heap   total 225280K, used 182272K [0x0000000080000000, 0x0000000100000000)
  region size 1024K, 94 young (96256K), 3 survivors (3072K)
 Metaspace       used 97523K, capacity 100116K, committed 100300K, reserved 1136640K
  class space    used 12724K, capacity 13720K, committed 13772K, reserved 1048576K
}
Event: 18.128 GC heap after
{Heap after GC invocations=27 (full 0):
 garbage-first heap   total 225280K, used 90180K [0x0000000080000000, 0x0000000100000000)
  region size 1024K, 5 young (5120K), 5 survivors (5120K)
 Metaspace       used 97523K, capacity 100116K, committed 100300K, reserved 1136640K
  class space    used 12724K, capacity 13720K, committed 13772K, reserved 1048576K
}
Event: 18.439 GC heap before
{Heap before GC invocations=27 (full 0):
 garbage-first heap   total 225280K, used 183364K [0x0000000080000000, 0x0000000100000000)
  region size 1024K, 96 young (98304K), 5 survivors (5120K)
 Metaspace       used 97826K, capacity 100448K, committed 100556K, reserved 1136640K
  class space    used 12733K, capacity 13720K, committed 13772K, reserved 1048576K
}
Event: 18.447 GC heap after
{Heap after GC invocations=28 (full 0):
 garbage-first heap   total 225280K, used 91136K [0x0000000080000000, 0x0000000100000000)
  region size 1024K, 5 young (5120K), 5 survivors (5120K)
 Metaspace       used 97826K, capacity 100448K, committed 100556K, reserved 1136640K
  class space    used 12733K, capacity 13720K, committed 13772K, reserved 1048576K
}
Event: 18.757 GC heap before
{Heap before GC invocations=28 (full 0):
 garbage-first heap   total 225280K, used 185344K [0x0000000080000000, 0x0000000100000000)
  region size 1024K, 97 young (99328K), 5 survivors (5120K)
 Metaspace       used 97961K, capacity 100588K, committed 100812K, reserved 1136640K
  class space    used 12733K, capacity 13720K, committed 13772K, reserved 1048576K
}
Event: 18.765 GC heap after
{Heap after GC invocations=29 (full 0):
 garbage-first heap   total 225280K, used 92138K [0x0000000080000000, 0x0000000100000000)
  region size 1024K, 6 young (6144K), 6 survivors (6144K)
 Metaspace       used 97961K, capacity 100588K, committed 100812K, reserved 1136640K
  class space    used 12733K, capacity 13720K, committed 13772K, reserved 1048576K
}
Event: 19.021 GC heap before
{Heap before GC invocations=29 (full 0):
 garbage-first heap   total 225280K, used 187370K [0x0000000080000000, 0x0000000100000000)
  region size 1024K, 99 young (101376K), 6 survivors (6144K)
 Metaspace       used 98021K, capacity 100671K, committed 100812K, reserved 1136640K
  class space    used 12735K, capacity 13724K, committed 13772K, reserved 1048576K
}
Event: 19.032 GC heap after
{Heap after GC invocations=30 (full 0):
 garbage-first heap   total 225280K, used 92832K [0x0000000080000000, 0x0000000100000000)
  region size 1024K, 7 young (7168K), 7 survivors (7168K)
 Metaspace       used 98021K, capacity 100671K, committed 100812K, reserved 1136640K
  class space    used 12735K, capacity 13724K, committed 13772K, reserved 1048576K
}
Event: 19.268 GC heap before
{Heap before GC invocations=30 (full 0):
 garbage-first heap   total 225280K, used 188064K [0x0000000080000000, 0x0000000100000000)
  region size 1024K, 100 young (102400K), 7 survivors (7168K)
 Metaspace       used 98043K, capacity 100685K, committed 100812K, reserved 1136640K
  class space    used 12737K, capacity 13728K, committed 13772K, reserved 1048576K
}
Event: 19.277 GC heap after
{Heap after GC invocations=31 (full 0):
 garbage-first heap   total 225280K, used 93640K [0x0000000080000000, 0x0000000100000000)
  region size 1024K, 8 young (8192K), 8 survivors (8192K)
 Metaspace       used 98043K, capacity 100685K, committed 100812K, reserved 1136640K
  class space    used 12737K, capacity 13728K, committed 13772K, reserved 1048576K
}
Event: 19.519 GC heap before
{Heap before GC invocations=31 (full 0):
 garbage-first heap   total 225280K, used 189896K [0x0000000080000000, 0x0000000100000000)
  region size 1024K, 102 young (104448K), 8 survivors (8192K)
 Metaspace       used 98076K, capacity 100691K, committed 100812K, reserved 1136640K
  class space    used 12737K, capacity 13728K, committed 13772K, reserved 1048576K
}
Event: 19.532 GC heap after
{Heap after GC invocations=32 (full 0):
 garbage-first heap   total 270336K, used 94809K [0x0000000080000000, 0x0000000100000000)
  region size 1024K, 8 young (8192K), 8 survivors (8192K)
 Metaspace       used 98076K, capacity 100691K, committed 100812K, reserved 1136640K
  class space    used 12737K, capacity 13728K, committed 13772K, reserved 1048576K
}
Event: 19.892 GC heap before
{Heap before GC invocations=32 (full 0):
 garbage-first heap   total 270336K, used 226905K [0x0000000080000000, 0x0000000100000000)
  region size 1024K, 137 young (140288K), 8 survivors (8192K)
 Metaspace       used 98098K, capacity 100755K, committed 100812K, reserved 1136640K
  class space    used 12737K, capacity 13728K, committed 13772K, reserved 1048576K
}
Event: 19.904 GC heap after
{Heap after GC invocations=33 (full 0):
 garbage-first heap   total 270336K, used 95886K [0x0000000080000000, 0x0000000100000000)
  region size 1024K, 9 young (9216K), 9 survivors (9216K)
 Metaspace       used 98098K, capacity 100755K, committed 100812K, reserved 1136640K
  class space    used 12737K, capacity 13728K, committed 13772K, reserved 1048576K
}
Event: 20.082 GC heap before
{Heap before GC invocations=33 (full 0):
 garbage-first heap   total 270336K, used 168590K [0x0000000080000000, 0x0000000100000000)
  region size 1024K, 81 young (82944K), 9 survivors (9216K)
 Metaspace       used 98154K, capacity 100757K, committed 100812K, reserved 1136640K
  class space    used 12740K, capacity 13728K, committed 13772K, reserved 1048576K
}
Event: 20.100 GC heap after
{Heap after GC invocations=34 (full 0):
 garbage-first heap   total 270336K, used 97246K [0x0000000080000000, 0x0000000100000000)
  region size 1024K, 11 young (11264K), 11 survivors (11264K)
 Metaspace       used 98154K, capacity 100757K, committed 100812K, reserved 1136640K
  class space    used 12740K, capacity 13728K, committed 13772K, reserved 1048576K
}
Event: 20.730 GC heap before
{Heap before GC invocations=35 (full 0):
 garbage-first heap   total 270336K, used 212958K [0x0000000080000000, 0x0000000100000000)
  region size 1024K, 124 young (126976K), 11 survivors (11264K)
 Metaspace       used 98001K, capacity 100425K, committed 101408K, reserved 1136640K
  class space    used 12646K, capacity 13530K, committed 13856K, reserved 1048576K
}
Event: 20.749 GC heap after
{Heap after GC invocations=36 (full 0):
 garbage-first heap   total 270336K, used 93790K [0x0000000080000000, 0x0000000100000000)
  region size 1024K, 6 young (6144K), 6 survivors (6144K)
 Metaspace       used 98001K, capacity 100425K, committed 101408K, reserved 1136640K
  class space    used 12646K, capacity 13530K, committed 13856K, reserved 1048576K
}
Event: 21.139 GC heap before
{Heap before GC invocations=37 (full 0):
 garbage-first heap   total 270336K, used 215646K [0x0000000080000000, 0x0000000100000000)
  region size 1024K, 125 young (128000K), 6 survivors (6144K)
 Metaspace       used 98002K, capacity 100426K, committed 101408K, reserved 1136640K
  class space    used 12646K, capacity 13530K, committed 13856K, reserved 1048576K
}

